.next/types/app/api/admin/security/alerts/[id]/resolve/route.ts(166,7): error TS2344: Type '{ __tag__: "POST"; __param_position__: "second"; __param_type__: { params: { id: string; }; }; }' does not satisfy the constraint 'ParamCheck<RouteContext>'.
  The types of '__param_type__.params' are incompatible between these types.
    Type '{ id: string; }' is missing the following properties from type 'Promise<any>': then, catch, finally, [Symbol.toStringTag]
.next/types/app/api/admin/users/[id]/activate/route.ts(166,7): error TS2344: Type '{ __tag__: "POST"; __param_position__: "second"; __param_type__: { params: { id: string; }; }; }' does not satisfy the constraint 'ParamCheck<RouteContext>'.
  The types of '__param_type__.params' are incompatible between these types.
    Type '{ id: string; }' is missing the following properties from type 'Promise<any>': then, catch, finally, [Symbol.toStringTag]
.next/types/app/api/admin/users/[id]/role/route.ts(205,7): error TS2344: Type '{ __tag__: "PUT"; __param_position__: "second"; __param_type__: { params: { id: string; }; }; }' does not satisfy the constraint 'ParamCheck<RouteContext>'.
  The types of '__param_type__.params' are incompatible between these types.
    Type '{ id: string; }' is missing the following properties from type 'Promise<any>': then, catch, finally, [Symbol.toStringTag]
.next/types/app/api/coach/routines/[id]/approve/route.ts(166,7): error TS2344: Type '{ __tag__: "POST"; __param_position__: "second"; __param_type__: { params: { id: string; }; }; }' does not satisfy the constraint 'ParamCheck<RouteContext>'.
  The types of '__param_type__.params' are incompatible between these types.
    Type '{ id: string; }' is missing the following properties from type 'Promise<any>': then, catch, finally, [Symbol.toStringTag]
.next/types/app/api/coach/routines/[id]/reject/route.ts(166,7): error TS2344: Type '{ __tag__: "POST"; __param_position__: "second"; __param_type__: { params: { id: string; }; }; }' does not satisfy the constraint 'ParamCheck<RouteContext>'.
  The types of '__param_type__.params' are incompatible between these types.
    Type '{ id: string; }' is missing the following properties from type 'Promise<any>': then, catch, finally, [Symbol.toStringTag]
.next/types/app/api/coach/students/[id]/notes/route.ts(205,7): error TS2344: Type '{ __tag__: "PUT"; __param_position__: "second"; __param_type__: { params: { id: string; }; }; }' does not satisfy the constraint 'ParamCheck<RouteContext>'.
  The types of '__param_type__.params' are incompatible between these types.
    Type '{ id: string; }' is missing the following properties from type 'Promise<any>': then, catch, finally, [Symbol.toStringTag]
.next/types/app/api/coach/students/[id]/route.ts(49,7): error TS2344: Type '{ __tag__: "GET"; __param_position__: "second"; __param_type__: { params: { id: string; }; }; }' does not satisfy the constraint 'ParamCheck<RouteContext>'.
  The types of '__param_type__.params' are incompatible between these types.
    Type '{ id: string; }' is missing the following properties from type 'Promise<any>': then, catch, finally, [Symbol.toStringTag]
src/app/(auth)/onboarding/complete/page.tsx(46,17): error TS2353: Object literal may only specify known properties, and 'onboarding_completed' does not exist in type 'Partial<{ id: string; email: string; full_name: string; avatar_url: string; phone: string; role: "member" | "coach" | "admin" | "superadmin"; date_of_birth: string; gender: "male" | "female" | "other" | "prefer_not_to_say"; ... 10 more ...; updated_at: string; }>'.
src/app/(dashboard)/admin/equipment/page.tsx(59,26): error TS2345: Argument of type '{ id: string; name: string; category: string; description: string; image_url: string; is_available: boolean; condition: "excellent" | "good" | "fair" | "needs_repair"; created_at: string; updated_at: string; }[]' is not assignable to parameter of type 'SetStateAction<Equipment[]>'.
  Type '{ id: string; name: string; category: string; description: string; image_url: string; is_available: boolean; condition: "excellent" | "good" | "fair" | "needs_repair"; created_at: string; updated_at: string; }[]' is not assignable to type 'Equipment[]'.
    Property 'quantity' is missing in type '{ id: string; name: string; category: string; description: string; image_url: string; is_available: boolean; condition: "excellent" | "good" | "fair" | "needs_repair"; created_at: string; updated_at: string; }' but required in type 'Equipment'.
src/app/(dashboard)/student/profile/page.tsx(69,31): error TS2554: Expected 2 arguments, but got 1.
src/app/(dashboard)/student/progress/page.tsx(130,74): error TS2345: Argument of type 'string | 0' is not assignable to parameter of type 'string'.
  Type 'number' is not assignable to type 'string'.
src/app/(dashboard)/student/progress/page.tsx(131,41): error TS2345: Argument of type 'string | 0' is not assignable to parameter of type 'string'.
  Type 'number' is not assignable to type 'string'.
src/app/api/ai/generate-routine/route.ts(129,74): error TS2339: Property 'quantity' does not exist on type '{ id: string; name: string; category: string; description: string; image_url: string; is_available: boolean; condition: "excellent" | "good" | "fair" | "needs_repair"; created_at: string; updated_at: string; }'.
src/lib/config/index.ts(3,10): error TS2614: Module '"./mercadopago"' has no exported member 'mercadoPago'. Did you mean to use 'import mercadoPago from "./mercadopago"' instead?
src/services/__tests__/ai.service.test.ts(39,44): error TS2339: Property 'generateRoutine' does not exist on type 'AIService'.
src/services/__tests__/ai.service.test.ts(66,29): error TS2339: Property 'generateRoutine' does not exist on type 'AIService'.
src/services/__tests__/ai.service.test.ts(92,44): error TS2339: Property 'generateRoutine' does not exist on type 'AIService'.
src/services/__tests__/ai.service.test.ts(120,29): error TS2339: Property 'generateRoutine' does not exist on type 'AIService'.
src/services/__tests__/ai.service.test.ts(136,27): error TS2339: Property 'generateRoutine' does not exist on type 'AIService'.
src/services/__tests__/ai.service.test.ts(151,27): error TS2339: Property 'generateRoutine' does not exist on type 'AIService'.
src/services/__tests__/ai.service.test.ts(176,29): error TS2339: Property 'generateRoutine' does not exist on type 'AIService'.
